

Microchip Technology PIC18 LITE Macro Assembler V1.30 build 55553 
                                                                                               Sun May 04 10:13:09 2025

Microchip Technology Omniscient Code Generator (Lite mode) build 55553
     1                           	processor	18F4550
     2                           	fnconf	rparam,??,?,0
     3                           	opt	pw 120
     4                           	opt	lm
     5                           	psect	intcode_body,global,reloc=2,class=CODE,delta=1
     6                           	psect	cinit,global,reloc=2,class=CODE,delta=1
     7                           	psect	bssCOMRAM,global,class=COMRAM,space=1,delta=1
     8                           	psect	cstackCOMRAM,global,class=COMRAM,space=1,delta=1
     9                           	psect	text0,global,reloc=2,class=CODE,delta=1
    10                           	psect	intcode,global,reloc=2,class=CODE,delta=1
    11                           	psect	intsave_regs,global,class=BIGRAM,space=1,delta=1
    12                           	psect	rparam,global,class=COMRAM,space=1,delta=1
    13  0000                     _LATAbits	set	3977
    14  0000                     _T1CON	set	4045
    15  0000                     _TMR1H	set	4047
    16  0000                     _TMR1L	set	4046
    17  0000                     _TRISAbits	set	3986
    18  0000                     _TRISB	set	3987
    19  0000                     _GIE	set	32663
    20  0000                     _PEIE	set	32662
    21  0000                     _TMR1IE	set	31976
    22  0000                     _TMR1IF	set	31984
    23  0000                     _TMR1ON	set	32360
    24                           
    25                           	psect	intcode_body
    26  000818                     __pintcode_body:
    27                           	opt stack 30
    28  000818                     int_func:
    29                           	opt stack 30
    30  000818  0006               	pop		; remove dummy address from shadow register refresh
    31  00081A  CFE9 F003          	movff	fsr0l,??_Timer1_ISR+2
    32  00081E  CFEA F004          	movff	fsr0h,??_Timer1_ISR+3
    33  000822  CFE1 F005          	movff	fsr1l,??_Timer1_ISR+4
    34  000826  CFE2 F006          	movff	fsr1h,??_Timer1_ISR+5
    35  00082A  CFD9 F007          	movff	fsr2l,??_Timer1_ISR+6
    36  00082E  CFDA F008          	movff	fsr2h,??_Timer1_ISR+7
    37  000832  CFF3 F009          	movff	prodl,??_Timer1_ISR+8
    38  000836  CFF4 F00A          	movff	prodh,??_Timer1_ISR+9
    39  00083A  CFF6 F00B          	movff	tblptrl,??_Timer1_ISR+10
    40  00083E  CFF7 F00C          	movff	tblptrh,??_Timer1_ISR+11
    41  000842  CFF8 F00D          	movff	tblptru,??_Timer1_ISR+12
    42  000846  CFF5 F00E          	movff	tablat,??_Timer1_ISR+13
    43                           
    44                           ;buzzer.c: 8: if(TMR1IF==1)
    45  00084A  A09E               	btfss	3998,0,c	;volatile
    46  00084C  D012               	goto	i2l29
    47                           
    48                           ;buzzer.c: 9: {
    49                           ;buzzer.c: 11: TMR1L = 0x20;
    50  00084E  0E20               	movlw	32
    51  000850  6ECE               	movwf	4046,c	;volatile
    52                           
    53                           ;buzzer.c: 12: TMR1H = 0xD1;
    54  000852  0ED1               	movlw	209
    55  000854  6ECF               	movwf	4047,c	;volatile
    56                           
    57                           ;buzzer.c: 13: count ++;
    58  000856  4A0F               	infsnz	_count,f,c
    59  000858  2A10               	incf	_count+1,f,c
    60                           
    61                           ;buzzer.c: 15: if (count >= 1000)
    62  00085A  0EE8               	movlw	232
    63  00085C  5C0F               	subwf	_count,w,c
    64  00085E  0E03               	movlw	3
    65  000860  5810               	subwfb	_count+1,w,c
    66  000862  A0D8               	btfss	status,0,c
    67  000864  D005               	goto	i2l623
    68                           
    69                           ;buzzer.c: 16: {
    70                           ;buzzer.c: 17: LATAbits.LATA5 = ~LATAbits.LATA5;
    71  000866  7A89               	btg	3977,5,c	;volatile
    72                           
    73                           ;buzzer.c: 18: count = 0;
    74  000868  0E00               	movlw	0
    75  00086A  6E10               	movwf	_count+1,c
    76  00086C  0E00               	movlw	0
    77  00086E  6E0F               	movwf	_count,c
    78  000870                     i2l623:
    79                           
    80                           ;buzzer.c: 19: }
    81                           ;buzzer.c: 20: TMR1IF = 0;
    82  000870  909E               	bcf	3998,0,c	;volatile
    83  000872                     i2l29:
    84  000872  C00E  FFF5         	movff	??_Timer1_ISR+13,tablat
    85  000876  C00D  FFF8         	movff	??_Timer1_ISR+12,tblptru
    86  00087A  C00C  FFF7         	movff	??_Timer1_ISR+11,tblptrh
    87  00087E  C00B  FFF6         	movff	??_Timer1_ISR+10,tblptrl
    88  000882  C00A  FFF4         	movff	??_Timer1_ISR+9,prodh
    89  000886  C009  FFF3         	movff	??_Timer1_ISR+8,prodl
    90  00088A  C008  FFDA         	movff	??_Timer1_ISR+7,fsr2h
    91  00088E  C007  FFD9         	movff	??_Timer1_ISR+6,fsr2l
    92  000892  C006  FFE2         	movff	??_Timer1_ISR+5,fsr1h
    93  000896  C005  FFE1         	movff	??_Timer1_ISR+4,fsr1l
    94  00089A  C004  FFEA         	movff	??_Timer1_ISR+3,fsr0h
    95  00089E  C003  FFE9         	movff	??_Timer1_ISR+2,fsr0l
    96  0008A2  C002  FFFB         	movff	??_Timer1_ISR+1,pclatu
    97  0008A6  C001  FFFA         	movff	??_Timer1_ISR,pclath
    98  0008AA  0011               	retfie		f
    99  0008AC                     __end_of_Timer1_ISR:
   100                           	opt stack 0
   101  0000                     pclatu	equ	0xFFB
   102                           pclath	equ	0xFFA
   103                           tblptru	equ	0xFF8
   104                           tblptrh	equ	0xFF7
   105                           tblptrl	equ	0xFF6
   106                           tablat	equ	0xFF5
   107                           prodh	equ	0xFF4
   108                           prodl	equ	0xFF3
   109                           fsr0h	equ	0xFEA
   110                           fsr0l	equ	0xFE9
   111                           fsr1h	equ	0xFE2
   112                           fsr1l	equ	0xFE1
   113                           fsr2h	equ	0xFDA
   114                           fsr2l	equ	0xFD9
   115                           status	equ	0xFD8
   116                           
   117                           ; #config settings
   118                           
   119                           	psect	cinit
   120  0008CA                     __pcinit:
   121                           	opt stack 0
   122  0008CA                     start_initialization:
   123                           	opt stack 0
   124  0008CA                     __initialization:
   125                           	opt stack 0
   126                           
   127                           ; Clear objects allocated to COMRAM (2 bytes)
   128  0008CA  6A10               	clrf	(__pbssCOMRAM+1)& (0+255),c
   129  0008CC  6A0F               	clrf	__pbssCOMRAM& (0+255),c
   130  0008CE                     end_of_initialization:
   131                           	opt stack 0
   132  0008CE                     __end_of__initialization:
   133                           	opt stack 0
   134  0008CE  0100               	movlb	0
   135  0008D0  EF56  F004         	goto	_main	;jump to C main() function
   136                           pclatu	equ	0xFFB
   137                           pclath	equ	0xFFA
   138                           tblptru	equ	0xFF8
   139                           tblptrh	equ	0xFF7
   140                           tblptrl	equ	0xFF6
   141                           tablat	equ	0xFF5
   142                           prodh	equ	0xFF4
   143                           prodl	equ	0xFF3
   144                           fsr0h	equ	0xFEA
   145                           fsr0l	equ	0xFE9
   146                           fsr1h	equ	0xFE2
   147                           fsr1l	equ	0xFE1
   148                           fsr2h	equ	0xFDA
   149                           fsr2l	equ	0xFD9
   150                           status	equ	0xFD8
   151                           
   152                           	psect	bssCOMRAM
   153  00000F                     __pbssCOMRAM:
   154                           	opt stack 0
   155  00000F                     _count:
   156                           	opt stack 0
   157  00000F                     	ds	2
   158                           pclatu	equ	0xFFB
   159                           pclath	equ	0xFFA
   160                           tblptru	equ	0xFF8
   161                           tblptrh	equ	0xFF7
   162                           tblptrl	equ	0xFF6
   163                           tablat	equ	0xFF5
   164                           prodh	equ	0xFF4
   165                           prodl	equ	0xFF3
   166                           fsr0h	equ	0xFEA
   167                           fsr0l	equ	0xFE9
   168                           fsr1h	equ	0xFE2
   169                           fsr1l	equ	0xFE1
   170                           fsr2h	equ	0xFDA
   171                           fsr2l	equ	0xFD9
   172                           status	equ	0xFD8
   173                           
   174                           	psect	cstackCOMRAM
   175  000001                     __pcstackCOMRAM:
   176                           	opt stack 0
   177  000001                     ??_Timer1_ISR:
   178  000001                     
   179                           ; 0 bytes @ 0x0
   180  000001                     	ds	14
   181  00000F                     pclatu	equ	0xFFB
   182                           pclath	equ	0xFFA
   183                           tblptru	equ	0xFF8
   184                           tblptrh	equ	0xFF7
   185                           tblptrl	equ	0xFF6
   186                           tablat	equ	0xFF5
   187                           prodh	equ	0xFF4
   188                           prodl	equ	0xFF3
   189                           fsr0h	equ	0xFEA
   190                           fsr0l	equ	0xFE9
   191                           fsr1h	equ	0xFE2
   192                           fsr1l	equ	0xFE1
   193                           fsr2h	equ	0xFDA
   194                           fsr2l	equ	0xFD9
   195                           status	equ	0xFD8
   196                           
   197                           ; 0 bytes @ 0xE
   198 ;;
   199 ;;Main: autosize = 0, tempsize = 0, incstack = 0, save=0
   200 ;;
   201 ;; *************** function _main *****************
   202 ;; Defined at:
   203 ;;		line 25 in file "buzzer.c"
   204 ;; Parameters:    Size  Location     Type
   205 ;;		None
   206 ;; Auto vars:     Size  Location     Type
   207 ;;		None
   208 ;; Return value:  Size  Location     Type
   209 ;;		None               void
   210 ;; Registers used:
   211 ;;		wreg, status,2
   212 ;; Tracked objects:
   213 ;;		On entry : 0/0
   214 ;;		On exit  : 0/0
   215 ;;		Unchanged: 0/0
   216 ;; Data sizes:     COMRAM   BANK0   BANK1   BANK2   BANK3   BANK4   BANK5   BANK6   BANK7
   217 ;;      Params:         0       0       0       0       0       0       0       0       0
   218 ;;      Locals:         0       0       0       0       0       0       0       0       0
   219 ;;      Temps:          0       0       0       0       0       0       0       0       0
   220 ;;      Totals:         0       0       0       0       0       0       0       0       0
   221 ;;Total ram usage:        0 bytes
   222 ;; Hardware stack levels required when called:    1
   223 ;; This function calls:
   224 ;;		Nothing
   225 ;; This function is called by:
   226 ;;		Startup code after reset
   227 ;; This function uses a non-reentrant model
   228 ;;
   229                           
   230                           	psect	text0
   231  0008AC                     __ptext0:
   232                           	opt stack 0
   233  0008AC                     _main:
   234                           	opt stack 30
   235                           
   236                           ;buzzer.c: 27: TRISB=0;
   237                           
   238                           ;incstack = 0
   239  0008AC  0E00               	movlw	0
   240  0008AE  6E93               	movwf	3987,c	;volatile
   241                           
   242                           ;buzzer.c: 28: TRISAbits.TRISA5 = 0;
   243  0008B0  9A92               	bcf	3986,5,c	;volatile
   244                           
   245                           ;buzzer.c: 29: GIE=1;
   246  0008B2  8EF2               	bsf	intcon,7,c	;volatile
   247                           
   248                           ;buzzer.c: 30: PEIE=1;
   249  0008B4  8CF2               	bsf	intcon,6,c	;volatile
   250                           
   251                           ;buzzer.c: 31: TMR1IE=1;
   252  0008B6  809D               	bsf	3997,0,c	;volatile
   253                           
   254                           ;buzzer.c: 32: TMR1IF=0;
   255  0008B8  909E               	bcf	3998,0,c	;volatile
   256                           
   257                           ;buzzer.c: 35: T1CON=0x80;
   258  0008BA  0E80               	movlw	128
   259  0008BC  6ECD               	movwf	4045,c	;volatile
   260                           
   261                           ;buzzer.c: 36: TMR1L = 0x20;
   262  0008BE  0E20               	movlw	32
   263  0008C0  6ECE               	movwf	4046,c	;volatile
   264                           
   265                           ;buzzer.c: 37: TMR1H = 0xD1;
   266  0008C2  0ED1               	movlw	209
   267  0008C4  6ECF               	movwf	4047,c	;volatile
   268                           
   269                           ;buzzer.c: 38: TMR1ON=1;
   270  0008C6  80CD               	bsf	4045,0,c	;volatile
   271  0008C8                     l32:
   272  0008C8  D7FF               	goto	l32
   273  0008CA                     __end_of_main:
   274                           	opt stack 0
   275                           pclatu	equ	0xFFB
   276                           pclath	equ	0xFFA
   277                           tblptru	equ	0xFF8
   278                           tblptrh	equ	0xFF7
   279                           tblptrl	equ	0xFF6
   280                           tablat	equ	0xFF5
   281                           prodh	equ	0xFF4
   282                           prodl	equ	0xFF3
   283                           intcon	equ	0xFF2
   284                           fsr0h	equ	0xFEA
   285                           fsr0l	equ	0xFE9
   286                           fsr1h	equ	0xFE2
   287                           fsr1l	equ	0xFE1
   288                           fsr2h	equ	0xFDA
   289                           fsr2l	equ	0xFD9
   290                           status	equ	0xFD8
   291                           
   292 ;; *************** function _Timer1_ISR *****************
   293 ;; Defined at:
   294 ;;		line 6 in file "buzzer.c"
   295 ;; Parameters:    Size  Location     Type
   296 ;;		None
   297 ;; Auto vars:     Size  Location     Type
   298 ;;		None
   299 ;; Return value:  Size  Location     Type
   300 ;;		None               void
   301 ;; Registers used:
   302 ;;		wreg, status,2, status,0
   303 ;; Tracked objects:
   304 ;;		On entry : 0/0
   305 ;;		On exit  : 0/0
   306 ;;		Unchanged: 0/0
   307 ;; Data sizes:     COMRAM   BANK0   BANK1   BANK2   BANK3   BANK4   BANK5   BANK6   BANK7
   308 ;;      Params:         0       0       0       0       0       0       0       0       0
   309 ;;      Locals:         0       0       0       0       0       0       0       0       0
   310 ;;      Temps:         14       0       0       0       0       0       0       0       0
   311 ;;      Totals:        14       0       0       0       0       0       0       0       0
   312 ;;Total ram usage:       14 bytes
   313 ;; Hardware stack levels used:    1
   314 ;; This function calls:
   315 ;;		Nothing
   316 ;; This function is called by:
   317 ;;		Interrupt level 2
   318 ;; This function uses a non-reentrant model
   319 ;;
   320                           
   321                           	psect	intcode
   322  000808                     __pintcode:
   323                           	opt stack 0
   324  000808                     _Timer1_ISR:
   325                           	opt stack 30
   326                           
   327                           ;incstack = 0
   328  000808  CFFA F001          	movff	pclath,??_Timer1_ISR
   329  00080C  CFFB F002          	movff	pclatu,??_Timer1_ISR+1
   330  000810  ED0C  F004         	call	int_func,f	;refresh shadow registers
   331                           pclatu	equ	0xFFB
   332                           pclath	equ	0xFFA
   333                           tblptru	equ	0xFF8
   334                           tblptrh	equ	0xFF7
   335                           tblptrl	equ	0xFF6
   336                           tablat	equ	0xFF5
   337                           prodh	equ	0xFF4
   338                           prodl	equ	0xFF3
   339                           intcon	equ	0xFF2
   340                           fsr0h	equ	0xFEA
   341                           fsr0l	equ	0xFE9
   342                           fsr1h	equ	0xFE2
   343                           fsr1l	equ	0xFE1
   344                           fsr2h	equ	0xFDA
   345                           fsr2l	equ	0xFD9
   346                           status	equ	0xFD8
   347                           pclatu	equ	0xFFB
   348                           pclath	equ	0xFFA
   349                           tblptru	equ	0xFF8
   350                           tblptrh	equ	0xFF7
   351                           tblptrl	equ	0xFF6
   352                           tablat	equ	0xFF5
   353                           prodh	equ	0xFF4
   354                           prodl	equ	0xFF3
   355                           intcon	equ	0xFF2
   356                           fsr0h	equ	0xFEA
   357                           fsr0l	equ	0xFE9
   358                           fsr1h	equ	0xFE2
   359                           fsr1l	equ	0xFE1
   360                           fsr2h	equ	0xFDA
   361                           fsr2l	equ	0xFD9
   362                           status	equ	0xFD8
   363                           
   364                           	psect	rparam
   365  0000                     pclatu	equ	0xFFB
   366                           pclath	equ	0xFFA
   367                           tblptru	equ	0xFF8
   368                           tblptrh	equ	0xFF7
   369                           tblptrl	equ	0xFF6
   370                           tablat	equ	0xFF5
   371                           prodh	equ	0xFF4
   372                           prodl	equ	0xFF3
   373                           intcon	equ	0xFF2
   374                           fsr0h	equ	0xFEA
   375                           fsr0l	equ	0xFE9
   376                           fsr1h	equ	0xFE2
   377                           fsr1l	equ	0xFE1
   378                           fsr2h	equ	0xFDA
   379                           fsr2l	equ	0xFD9
   380                           status	equ	0xFD8


Data Sizes:
    Strings     0
    Constant    0
    Data        0
    BSS         2
    Persistent  0
    Stack       0

Auto Spaces:
    Space          Size  Autos    Used
    COMRAM           95     14      16
    BANK0           160      0       0
    BANK1           256      0       0
    BANK2           256      0       0
    BANK3           256      0       0
    BANK4           256      0       0
    BANK5           256      0       0
    BANK6           256      0       0
    BANK7           256      0       0

Pointer List with Targets:

    None.

Critical Paths under _main in COMRAM

    None.

Critical Paths under _Timer1_ISR in COMRAM

    None.

Critical Paths under _main in BANK0

    None.

Critical Paths under _Timer1_ISR in BANK0

    None.

Critical Paths under _main in BANK1

    None.

Critical Paths under _Timer1_ISR in BANK1

    None.

Critical Paths under _main in BANK2

    None.

Critical Paths under _Timer1_ISR in BANK2

    None.

Critical Paths under _main in BANK3

    None.

Critical Paths under _Timer1_ISR in BANK3

    None.

Critical Paths under _main in BANK4

    None.

Critical Paths under _Timer1_ISR in BANK4

    None.

Critical Paths under _main in BANK5

    None.

Critical Paths under _Timer1_ISR in BANK5

    None.

Critical Paths under _main in BANK6

    None.

Critical Paths under _Timer1_ISR in BANK6

    None.

Critical Paths under _main in BANK7

    None.

Critical Paths under _Timer1_ISR in BANK7

    None.

Call Graph Tables:

 ---------------------------------------------------------------------------------
 (Depth) Function   	        Calls       Base Space   Used Autos Params    Refs
 ---------------------------------------------------------------------------------
 (0) _main                                                 0     0      0       0
 ---------------------------------------------------------------------------------
 Estimated maximum stack depth 0
 ---------------------------------------------------------------------------------
 (Depth) Function   	        Calls       Base Space   Used Autos Params    Refs
 ---------------------------------------------------------------------------------
 (1) _Timer1_ISR                                          14    14      0       0
                                              0 COMRAM    14    14      0
 ---------------------------------------------------------------------------------
 Estimated maximum stack depth 1
 ---------------------------------------------------------------------------------

 Call Graph Graphs:

 _main (ROOT)

 _Timer1_ISR (ROOT)

 Address spaces:
Name               Size   Autos  Total    Cost      Usage
BIGRAM             7FF      0       0      21        0.0%
EEDATA             100      0       0       0        0.0%
BITBANK7           100      0       0      18        0.0%
BANK7              100      0       0      19        0.0%
BITBANK6           100      0       0      16        0.0%
BANK6              100      0       0      17        0.0%
BITBANK5           100      0       0      14        0.0%
BANK5              100      0       0      15        0.0%
BITBANK4           100      0       0      12        0.0%
BANK4              100      0       0      13        0.0%
BITBANK3           100      0       0      10        0.0%
BANK3              100      0       0      11        0.0%
BITBANK2           100      0       0       8        0.0%
BANK2              100      0       0       9        0.0%
BITBANK1           100      0       0       6        0.0%
BANK1              100      0       0       7        0.0%
BITBANK0            A0      0       0       4        0.0%
BANK0               A0      0       0       5        0.0%
BITCOMRAM           5F      0       0       0        0.0%
COMRAM              5F      E      10       1       16.8%
BITSFR               0      0       0      40        0.0%
SFR                  0      0       0      40        0.0%
STACK                0      0       0       2        0.0%
NULL                 0      0       0       0        0.0%
ABS                  0      0      10      20        0.0%
DATA                 0      0      10       3        0.0%
CODE                 0      0       0       0        0.0%


Microchip Technology PIC18 Macro Assembler V1.30 build 55553 
Symbol Table                                                                                   Sun May 04 10:13:09 2025

                     l32 08C8                      _GIE 007F97                     _PEIE 007F96  
                   i2l29 0872                     _main 08AC                     fsr0h 000FEA  
                   fsr1h 000FE2                     fsr0l 000FE9                     fsr2h 000FDA  
                   fsr1l 000FE1                     fsr2l 000FD9                     pclat 000FFA  
                   prodh 000FF4                     prodl 000FF3                     start 0814  
                  ?_main 0001                    _T1CON 000FCD                    i2l623 0870  
                  _TMR1H 000FCF                    _TMR1L 000FCE                    _TRISB 000F93  
                  _count 000F                    tablat 000FF5                    status 000FD8  
        __initialization 08CA             __end_of_main 08CA                   ??_main 000F  
          __activetblptr 000000                   _TMR1IE 007CE8                   _TMR1IF 007CF0  
                 _TMR1ON 007E68               _Timer1_ISR 0808                   tblptrh 000FF7  
                 tblptrl 000FF6                   tblptru 000FF8               __accesstop 0060  
__end_of__initialization 08CE           __pcstackCOMRAM 0001              ?_Timer1_ISR 0001  
                __Hparam 0000                  __Lparam 0000                  __pcinit 08CA  
                __ramtop 0800                  __ptext0 08AC      __size_of_Timer1_ISR 00A4  
         __pintcode_body 0818     end_of_initialization 08CE                  int_func 0818  
              _TRISAbits 000F92      start_initialization 08CA             ??_Timer1_ISR 0001  
            __pbssCOMRAM 000F       __end_of_Timer1_ISR 08AC                __pintcode 0808  
               _LATAbits 000F89                 __Hrparam 0000                 __Lrparam 0000  
          __size_of_main 001E                 intlevel2 0000  
